# JRE version: OpenJDK Runtime Environment (17.0.7) (build 17.0.7+0-b2043.56-10550314)
# Java VM: OpenJDK 64-Bit Server VM (17.0.7+0-b2043.56-10550314, mixed mode, tiered, compressed oops, compressed class ptrs, g1 gc, windows-amd64)
GC Precious Log:
 CPUs: 12 total, 12 available
 Memory: 16149M
 Large Page Support: Disabled
 NUMA Support: Disabled
 Compressed Oops: Enabled (32-bit)
 Heap Region Size: 1M
 Heap Min Capacity: 8M
 Heap Initial Capacity: 254M
 Heap Max Capacity: 2G
 Pre-touch: Disabled
 Parallel Workers: 10
 Concurrent Workers: 3
 Concurrent Refinement Workers: 10
 Periodic GC: Disabled
Heap:
 garbage-first heap   total 215040K, used 90088K [0x0000000080000000, 0x0000000100000000)
  region size 1024K, 4 young (4096K), 4 survivors (4096K)
 Metaspace       used 57657K, committed 58240K, reserved 1114112K
  class space    used 7753K, committed 8000K, reserved 1048576K
GC Heap History (20 events):
Event: 2.314 GC heap after
{Heap after GC invocations=13 (full 0):
 garbage-first heap   total 105472K, used 53982K [0x0000000080000000, 0x0000000100000000)
  region size 1024K, 4 young (4096K), 4 survivors (4096K)
 Metaspace       used 42415K, committed 42752K, reserved 1114112K
  class space    used 5698K, committed 5824K, reserved 1048576K
}
Event: 2.375 GC heap before
{Heap before GC invocations=14 (full 0):
 garbage-first heap   total 105472K, used 70366K [0x0000000080000000, 0x0000000100000000)
  region size 1024K, 22 young (22528K), 4 survivors (4096K)
 Metaspace       used 42851K, committed 43264K, reserved 1114112K
  class space    used 5744K, committed 5888K, reserved 1048576K
}
Event: 2.378 GC heap after
{Heap after GC invocations=15 (full 0):
 garbage-first heap   total 105472K, used 57009K [0x0000000080000000, 0x0000000100000000)
  region size 1024K, 3 young (3072K), 3 survivors (3072K)
 Metaspace       used 42851K, committed 43264K, reserved 1114112K
  class space    used 5744K, committed 5888K, reserved 1048576K
}
Event: 2.577 GC heap before
{Heap before GC invocations=16 (full 0):
 garbage-first heap   total 107520K, used 86705K [0x0000000080000000, 0x0000000100000000)
  region size 1024K, 27 young (27648K), 3 survivors (3072K)
 Metaspace       used 46093K, committed 46528K, reserved 1114112K
  class space    used 6126K, committed 6336K, reserved 1048576K
}
Event: 2.580 GC heap after
{Heap after GC invocations=17 (full 0):
 garbage-first heap   total 107520K, used 61111K [0x0000000080000000, 0x0000000100000000)
  region size 1024K, 4 young (4096K), 4 survivors (4096K)
 Metaspace       used 46093K, committed 46528K, reserved 1114112K
  class space    used 6126K, committed 6336K, reserved 1048576K
}
Event: 2.757 GC heap before
{Heap before GC invocations=17 (full 0):
 garbage-first heap   total 107520K, used 83639K [0x0000000080000000, 0x0000000100000000)
  region size 1024K, 26 young (26624K), 4 survivors (4096K)
 Metaspace       used 47865K, committed 48320K, reserved 1114112K
  class space    used 6394K, committed 6592K, reserved 1048576K
}
Event: 2.759 GC heap after
{Heap after GC invocations=18 (full 0):
 garbage-first heap   total 107520K, used 64363K [0x0000000080000000, 0x0000000100000000)
  region size 1024K, 3 young (3072K), 3 survivors (3072K)
 Metaspace       used 47865K, committed 48320K, reserved 1114112K
  class space    used 6394K, committed 6592K, reserved 1048576K
}
Event: 2.909 GC heap before
{Heap before GC invocations=19 (full 0):
 garbage-first heap   total 112640K, used 88939K [0x0000000080000000, 0x0000000100000000)
  region size 1024K, 23 young (23552K), 3 survivors (3072K)
 Metaspace       used 50065K, committed 50560K, reserved 1114112K
  class space    used 6569K, committed 6784K, reserved 1048576K
}
Event: 2.911 GC heap after
{Heap after GC invocations=20 (full 0):
 garbage-first heap   total 135168K, used 69951K [0x0000000080000000, 0x0000000100000000)
  region size 1024K, 3 young (3072K), 3 survivors (3072K)
 Metaspace       used 50065K, committed 50560K, reserved 1114112K
  class space    used 6569K, committed 6784K, reserved 1048576K
}
Event: 2.935 GC heap before
{Heap before GC invocations=20 (full 0):
 garbage-first heap   total 135168K, used 73023K [0x0000000080000000, 0x0000000100000000)
  region size 1024K, 6 young (6144K), 3 survivors (3072K)
 Metaspace       used 50208K, committed 50752K, reserved 1114112K
  class space    used 6599K, committed 6848K, reserved 1048576K
}
Event: 2.937 GC heap after
{Heap after GC invocations=21 (full 0):
 garbage-first heap   total 135168K, used 70219K [0x0000000080000000, 0x0000000100000000)
  region size 1024K, 1 young (1024K), 1 survivors (1024K)
 Metaspace       used 50208K, committed 50752K, reserved 1114112K
  class space    used 6599K, committed 6848K, reserved 1048576K
}
Event: 3.163 GC heap before
{Heap before GC invocations=21 (full 0):
 garbage-first heap   total 135168K, used 106059K [0x0000000080000000, 0x0000000100000000)
  region size 1024K, 36 young (36864K), 1 survivors (1024K)
 Metaspace       used 52856K, committed 53376K, reserved 1114112K
  class space    used 7067K, committed 7296K, reserved 1048576K
}
Event: 3.166 GC heap after
{Heap after GC invocations=22 (full 0):
 garbage-first heap   total 135168K, used 73010K [0x0000000080000000, 0x0000000100000000)
  region size 1024K, 4 young (4096K), 4 survivors (4096K)
 Metaspace       used 52856K, committed 53376K, reserved 1114112K
  class space    used 7067K, committed 7296K, reserved 1048576K
}
Event: 3.487 GC heap before
{Heap before GC invocations=23 (full 0):
 garbage-first heap   total 135168K, used 107826K [0x0000000080000000, 0x0000000100000000)
  region size 1024K, 38 young (38912K), 4 survivors (4096K)
 Metaspace       used 55584K, committed 56128K, reserved 1114112K
  class space    used 7477K, committed 7744K, reserved 1048576K
}
Event: 3.489 GC heap after
{Heap after GC invocations=24 (full 0):
 garbage-first heap   total 135168K, used 76863K [0x0000000080000000, 0x0000000100000000)
  region size 1024K, 4 young (4096K), 4 survivors (4096K)
 Metaspace       used 55584K, committed 56128K, reserved 1114112K
  class space    used 7477K, committed 7744K, reserved 1048576K
}
Event: 3.494 GC heap before
{Heap before GC invocations=24 (full 0):
 garbage-first heap   total 135168K, used 78911K [0x0000000080000000, 0x0000000100000000)
  region size 1024K, 6 young (6144K), 4 survivors (4096K)
 Metaspace       used 55595K, committed 56192K, reserved 1114112K
  class space    used 7478K, committed 7744K, reserved 1048576K
}
Event: 3.497 GC heap after
{Heap after GC invocations=25 (full 0):
 garbage-first heap   total 135168K, used 77401K [0x0000000080000000, 0x0000000100000000)
  region size 1024K, 1 young (1024K), 1 survivors (1024K)
 Metaspace       used 55595K, committed 56192K, reserved 1114112K
  class space    used 7478K, committed 7744K, reserved 1048576K
}
Event: 3.546 GC heap before
{Heap before GC invocations=25 (full 0):
 garbage-first heap   total 135168K, used 84569K [0x0000000080000000, 0x0000000100000000)
  region size 1024K, 10 young (10240K), 1 survivors (1024K)
 Metaspace       used 55757K, committed 56384K, reserved 1114112K
  class space    used 7487K, committed 7744K, reserved 1048576K
}
Event: 3.547 GC heap after
{Heap after GC invocations=26 (full 0):
 garbage-first heap   total 135168K, used 78341K [0x0000000080000000, 0x0000000100000000)
  region size 1024K, 2 young (2048K), 2 survivors (2048K)
 Metaspace       used 55757K, committed 56384K, reserved 1114112K
  class space    used 7487K, committed 7744K, reserved 1048576K
}
Event: 3.695 GC heap before
{Heap before GC invocations=27 (full 0):
 garbage-first heap   total 142336K, used 114181K [0x0000000080000000, 0x0000000100000000)
  region size 1024K, 32 young (32768K), 2 survivors (2048K)
 Metaspace       used 57657K, committed 58240K, reserved 1114112K
  class space    used 7753K, committed 8000K, reserved 1048576K
}

