# JRE version: OpenJDK Runtime Environment (17.0.7) (build 17.0.7+0-b2043.56-10550314)
# Java VM: OpenJDK 64-Bit Server VM (17.0.7+0-b2043.56-10550314, mixed mode, tiered, compressed oops, compressed class ptrs, g1 gc, windows-amd64)
GC Precious Log:
 CPUs: 12 total, 12 available
 Memory: 16149M
 Large Page Support: Disabled
 NUMA Support: Disabled
 Compressed Oops: Enabled (32-bit)
 Heap Region Size: 1M
 Heap Min Capacity: 8M
 Heap Initial Capacity: 254M
 Heap Max Capacity: 2G
 Pre-touch: Disabled
 Parallel Workers: 10
 Concurrent Workers: 3
 Concurrent Refinement Workers: 10
 Periodic GC: Disabled
Heap:
 garbage-first heap   total 266240K, used 145568K [0x0000000080000000, 0x0000000100000000)
  region size 1024K, 2 young (2048K), 2 survivors (2048K)
 Metaspace       used 101587K, committed 102400K, reserved 1179648K
  class space    used 14067K, committed 14400K, reserved 1048576K
GC Heap History (20 events):
Event: 3.539 GC heap after
{Heap after GC invocations=24 (full 0):
 garbage-first heap   total 258048K, used 77141K [0x0000000080000000, 0x0000000100000000)
  region size 1024K, 5 young (5120K), 5 survivors (5120K)
 Metaspace       used 55745K, committed 56320K, reserved 1114112K
  class space    used 7487K, committed 7744K, reserved 1048576K
}
Event: 3.582 GC heap before
{Heap before GC invocations=24 (full 0):
 garbage-first heap   total 258048K, used 86357K [0x0000000080000000, 0x0000000100000000)
  region size 1024K, 12 young (12288K), 5 survivors (5120K)
 Metaspace       used 55881K, committed 56448K, reserved 1114112K
  class space    used 7502K, committed 7744K, reserved 1048576K
}
Event: 3.584 GC heap after
{Heap after GC invocations=25 (full 0):
 garbage-first heap   total 258048K, used 81671K [0x0000000080000000, 0x0000000100000000)
  region size 1024K, 2 young (2048K), 2 survivors (2048K)
 Metaspace       used 55881K, committed 56448K, reserved 1114112K
  class space    used 7502K, committed 7744K, reserved 1048576K
}
Event: 4.558 GC heap before
{Heap before GC invocations=25 (full 0):
 garbage-first heap   total 258048K, used 202503K [0x0000000080000000, 0x0000000100000000)
  region size 1024K, 112 young (114688K), 2 survivors (2048K)
 Metaspace       used 66769K, committed 67392K, reserved 1114112K
  class space    used 8943K, committed 9216K, reserved 1048576K
}
Event: 4.563 GC heap after
{Heap after GC invocations=26 (full 0):
 garbage-first heap   total 258048K, used 94872K [0x0000000080000000, 0x0000000100000000)
  region size 1024K, 13 young (13312K), 13 survivors (13312K)
 Metaspace       used 66769K, committed 67392K, reserved 1114112K
  class space    used 8943K, committed 9216K, reserved 1048576K
}
Event: 5.409 GC heap before
{Heap before GC invocations=26 (full 0):
 garbage-first heap   total 258048K, used 199320K [0x0000000080000000, 0x0000000100000000)
  region size 1024K, 115 young (117760K), 13 survivors (13312K)
 Metaspace       used 76011K, committed 76736K, reserved 1179648K
  class space    used 10248K, committed 10560K, reserved 1048576K
}
Event: 5.413 GC heap after
{Heap after GC invocations=27 (full 0):
 garbage-first heap   total 258048K, used 100546K [0x0000000080000000, 0x0000000100000000)
  region size 1024K, 6 young (6144K), 6 survivors (6144K)
 Metaspace       used 76011K, committed 76736K, reserved 1179648K
  class space    used 10248K, committed 10560K, reserved 1048576K
}
Event: 6.109 GC heap before
{Heap before GC invocations=27 (full 0):
 garbage-first heap   total 258048K, used 204994K [0x0000000080000000, 0x0000000100000000)
  region size 1024K, 107 young (109568K), 6 survivors (6144K)
 Metaspace       used 81596K, committed 82304K, reserved 1179648K
  class space    used 11225K, committed 11520K, reserved 1048576K
}
Event: 6.113 GC heap after
{Heap after GC invocations=28 (full 0):
 garbage-first heap   total 258048K, used 105619K [0x0000000080000000, 0x0000000100000000)
  region size 1024K, 11 young (11264K), 11 survivors (11264K)
 Metaspace       used 81596K, committed 82304K, reserved 1179648K
  class space    used 11225K, committed 11520K, reserved 1048576K
}
Event: 7.007 GC heap before
{Heap before GC invocations=28 (full 0):
 garbage-first heap   total 258048K, used 226451K [0x0000000080000000, 0x0000000100000000)
  region size 1024K, 110 young (112640K), 11 survivors (11264K)
 Metaspace       used 89401K, committed 90112K, reserved 1179648K
  class space    used 12326K, committed 12672K, reserved 1048576K
}
Event: 7.014 GC heap after
{Heap after GC invocations=29 (full 0):
 garbage-first heap   total 258048K, used 137845K [0x0000000080000000, 0x0000000100000000)
  region size 1024K, 14 young (14336K), 14 survivors (14336K)
 Metaspace       used 89401K, committed 90112K, reserved 1179648K
  class space    used 12326K, committed 12672K, reserved 1048576K
}
Event: 8.009 GC heap before
{Heap before GC invocations=30 (full 0):
 garbage-first heap   total 258048K, used 213621K [0x0000000080000000, 0x0000000100000000)
  region size 1024K, 86 young (88064K), 14 survivors (14336K)
 Metaspace       used 98078K, committed 98880K, reserved 1179648K
  class space    used 13519K, committed 13888K, reserved 1048576K
}
Event: 8.014 GC heap after
{Heap after GC invocations=31 (full 0):
 garbage-first heap   total 258048K, used 141327K [0x0000000080000000, 0x0000000100000000)
  region size 1024K, 4 young (4096K), 4 survivors (4096K)
 Metaspace       used 98078K, committed 98880K, reserved 1179648K
  class space    used 13519K, committed 13888K, reserved 1048576K
}
Event: 8.124 GC heap before
{Heap before GC invocations=31 (full 0):
 garbage-first heap   total 258048K, used 148495K [0x0000000080000000, 0x0000000100000000)
  region size 1024K, 12 young (12288K), 4 survivors (4096K)
 Metaspace       used 99073K, committed 99840K, reserved 1179648K
  class space    used 13660K, committed 14016K, reserved 1048576K
}
Event: 8.127 GC heap after
{Heap after GC invocations=32 (full 0):
 garbage-first heap   total 258048K, used 141922K [0x0000000080000000, 0x0000000100000000)
  region size 1024K, 1 young (1024K), 1 survivors (1024K)
 Metaspace       used 99073K, committed 99840K, reserved 1179648K
  class space    used 13660K, committed 14016K, reserved 1048576K
}
Event: 8.497 GC heap before
{Heap before GC invocations=32 (full 0):
 garbage-first heap   total 258048K, used 216674K [0x0000000080000000, 0x0000000100000000)
  region size 1024K, 72 young (73728K), 1 survivors (1024K)
 Metaspace       used 101616K, committed 102400K, reserved 1179648K
  class space    used 14075K, committed 14400K, reserved 1048576K
}
Event: 8.500 GC heap after
{Heap after GC invocations=33 (full 0):
 garbage-first heap   total 258048K, used 145074K [0x0000000080000000, 0x0000000100000000)
  region size 1024K, 2 young (2048K), 2 survivors (2048K)
 Metaspace       used 101616K, committed 102400K, reserved 1179648K
  class space    used 14075K, committed 14400K, reserved 1048576K
}
Event: 8.624 GC heap before
{Heap before GC invocations=34 (full 0):
 garbage-first heap   total 266240K, used 216754K [0x0000000080000000, 0x0000000100000000)
  region size 1024K, 72 young (73728K), 2 survivors (2048K)
 Metaspace       used 101587K, committed 102400K, reserved 1179648K
  class space    used 14067K, committed 14400K, reserved 1048576K
}
Event: 8.626 GC heap after
{Heap after GC invocations=35 (full 0):
 garbage-first heap   total 266240K, used 146060K [0x0000000080000000, 0x0000000100000000)
  region size 1024K, 3 young (3072K), 3 survivors (3072K)
 Metaspace       used 101587K, committed 102400K, reserved 1179648K
  class space    used 14067K, committed 14400K, reserved 1048576K
}
Event: 8.641 GC heap before
{Heap before GC invocations=35 (full 0):
 garbage-first heap   total 266240K, used 155276K [0x0000000080000000, 0x0000000100000000)
  region size 1024K, 13 young (13312K), 3 survivors (3072K)
 Metaspace       used 101587K, committed 102400K, reserved 1179648K
  class space    used 14067K, committed 14400K, reserved 1048576K
}

