# JRE version: OpenJDK Runtime Environment (17.0.7) (build 17.0.7+0-b2043.56-10550314)
# Java VM: OpenJDK 64-Bit Server VM (17.0.7+0-b2043.56-10550314, mixed mode, tiered, compressed oops, compressed class ptrs, g1 gc, windows-amd64)
GC Precious Log:
 CPUs: 12 total, 12 available
 Memory: 16149M
 Large Page Support: Disabled
 NUMA Support: Disabled
 Compressed Oops: Enabled (32-bit)
 Heap Region Size: 1M
 Heap Min Capacity: 8M
 Heap Initial Capacity: 254M
 Heap Max Capacity: 2G
 Pre-touch: Disabled
 Parallel Workers: 10
 Concurrent Workers: 3
 Concurrent Refinement Workers: 10
 Periodic GC: Disabled
Heap:
 garbage-first heap   total 190464K, used 127511K [0x0000000080000000, 0x0000000100000000)
  region size 1024K, 36 young (36864K), 1 survivors (1024K)
 Metaspace       used 70464K, committed 71104K, reserved 1114112K
  class space    used 9461K, committed 9728K, reserved 1048576K
GC Heap History (20 events):
Event: 3.242 GC heap before
{Heap before GC invocations=16 (full 0):
 garbage-first heap   total 118784K, used 92154K [0x0000000080000000, 0x0000000100000000)
  region size 1024K, 33 young (33792K), 1 survivors (1024K)
 Metaspace       used 47119K, committed 47488K, reserved 1114112K
  class space    used 6271K, committed 6464K, reserved 1048576K
}
Event: 3.244 GC heap after
{Heap after GC invocations=17 (full 0):
 garbage-first heap   total 118784K, used 61341K [0x0000000080000000, 0x0000000100000000)
  region size 1024K, 5 young (5120K), 5 survivors (5120K)
 Metaspace       used 47119K, committed 47488K, reserved 1114112K
  class space    used 6271K, committed 6464K, reserved 1048576K
}
Event: 3.445 GC heap before
{Heap before GC invocations=17 (full 0):
 garbage-first heap   total 118784K, used 76701K [0x0000000080000000, 0x0000000100000000)
  region size 1024K, 22 young (22528K), 5 survivors (5120K)
 Metaspace       used 48061K, committed 48576K, reserved 1114112K
  class space    used 6412K, committed 6656K, reserved 1048576K
}
Event: 3.447 GC heap after
{Heap after GC invocations=18 (full 0):
 garbage-first heap   total 118784K, used 64113K [0x0000000080000000, 0x0000000100000000)
  region size 1024K, 3 young (3072K), 3 survivors (3072K)
 Metaspace       used 48061K, committed 48576K, reserved 1114112K
  class space    used 6412K, committed 6656K, reserved 1048576K
}
Event: 3.774 GC heap before
{Heap before GC invocations=19 (full 0):
 garbage-first heap   total 118784K, used 96881K [0x0000000080000000, 0x0000000100000000)
  region size 1024K, 31 young (31744K), 3 survivors (3072K)
 Metaspace       used 51856K, committed 52352K, reserved 1114112K
  class space    used 6895K, committed 7104K, reserved 1048576K
}
Event: 3.776 GC heap after
{Heap after GC invocations=20 (full 0):
 garbage-first heap   total 143360K, used 70003K [0x0000000080000000, 0x0000000100000000)
  region size 1024K, 3 young (3072K), 3 survivors (3072K)
 Metaspace       used 51856K, committed 52352K, reserved 1114112K
  class space    used 6895K, committed 7104K, reserved 1048576K
}
Event: 3.808 GC heap before
{Heap before GC invocations=20 (full 0):
 garbage-first heap   total 143360K, used 73075K [0x0000000080000000, 0x0000000100000000)
  region size 1024K, 7 young (7168K), 3 survivors (3072K)
 Metaspace       used 52505K, committed 52992K, reserved 1114112K
  class space    used 6999K, committed 7232K, reserved 1048576K
}
Event: 3.811 GC heap after
{Heap after GC invocations=21 (full 0):
 garbage-first heap   total 143360K, used 70235K [0x0000000080000000, 0x0000000100000000)
  region size 1024K, 1 young (1024K), 1 survivors (1024K)
 Metaspace       used 52505K, committed 52992K, reserved 1114112K
  class space    used 6999K, committed 7232K, reserved 1048576K
}
Event: 4.106 GC heap before
{Heap before GC invocations=21 (full 0):
 garbage-first heap   total 143360K, used 111195K [0x0000000080000000, 0x0000000100000000)
  region size 1024K, 41 young (41984K), 1 survivors (1024K)
 Metaspace       used 55578K, committed 56064K, reserved 1114112K
  class space    used 7379K, committed 7616K, reserved 1048576K
}
Event: 4.108 GC heap after
{Heap after GC invocations=22 (full 0):
 garbage-first heap   total 143360K, used 73349K [0x0000000080000000, 0x0000000100000000)
  region size 1024K, 4 young (4096K), 4 survivors (4096K)
 Metaspace       used 55578K, committed 56064K, reserved 1114112K
  class space    used 7379K, committed 7616K, reserved 1048576K
}
Event: 4.427 GC heap before
{Heap before GC invocations=23 (full 0):
 garbage-first heap   total 143360K, used 113285K [0x0000000080000000, 0x0000000100000000)
  region size 1024K, 43 young (44032K), 4 survivors (4096K)
 Metaspace       used 58794K, committed 59392K, reserved 1114112K
  class space    used 7954K, committed 8256K, reserved 1048576K
}
Event: 4.430 GC heap after
{Heap after GC invocations=24 (full 0):
 garbage-first heap   total 143360K, used 76116K [0x0000000080000000, 0x0000000100000000)
  region size 1024K, 3 young (3072K), 3 survivors (3072K)
 Metaspace       used 58794K, committed 59392K, reserved 1114112K
  class space    used 7954K, committed 8256K, reserved 1048576K
}
Event: 4.479 GC heap before
{Heap before GC invocations=24 (full 0):
 garbage-first heap   total 143360K, used 80212K [0x0000000080000000, 0x0000000100000000)
  region size 1024K, 7 young (7168K), 3 survivors (3072K)
 Metaspace       used 59116K, committed 59648K, reserved 1114112K
  class space    used 8006K, committed 8256K, reserved 1048576K
}
Event: 4.482 GC heap after
{Heap after GC invocations=25 (full 0):
 garbage-first heap   total 143360K, used 76153K [0x0000000080000000, 0x0000000100000000)
  region size 1024K, 1 young (1024K), 1 survivors (1024K)
 Metaspace       used 59116K, committed 59648K, reserved 1114112K
  class space    used 8006K, committed 8256K, reserved 1048576K
}
Event: 5.103 GC heap before
{Heap before GC invocations=25 (full 0):
 garbage-first heap   total 143360K, used 115065K [0x0000000080000000, 0x0000000100000000)
  region size 1024K, 39 young (39936K), 1 survivors (1024K)
 Metaspace       used 64846K, committed 65472K, reserved 1114112K
  class space    used 8716K, committed 9024K, reserved 1048576K
}
Event: 5.105 GC heap after
{Heap after GC invocations=26 (full 0):
 garbage-first heap   total 143360K, used 79869K [0x0000000080000000, 0x0000000100000000)
  region size 1024K, 5 young (5120K), 5 survivors (5120K)
 Metaspace       used 64846K, committed 65472K, reserved 1114112K
  class space    used 8716K, committed 9024K, reserved 1048576K
}
Event: 5.921 GC heap before
{Heap before GC invocations=27 (full 0):
 garbage-first heap   total 143360K, used 118781K [0x0000000080000000, 0x0000000100000000)
  region size 1024K, 40 young (40960K), 5 survivors (5120K)
 Metaspace       used 67593K, committed 68160K, reserved 1114112K
  class space    used 9055K, committed 9344K, reserved 1048576K
}
Event: 5.925 GC heap after
{Heap after GC invocations=28 (full 0):
 garbage-first heap   total 190464K, used 91391K [0x0000000080000000, 0x0000000100000000)
  region size 1024K, 5 young (5120K), 5 survivors (5120K)
 Metaspace       used 67593K, committed 68160K, reserved 1114112K
  class space    used 9055K, committed 9344K, reserved 1048576K
}
Event: 5.930 GC heap before
{Heap before GC invocations=28 (full 0):
 garbage-first heap   total 190464K, used 95487K [0x0000000080000000, 0x0000000100000000)
  region size 1024K, 9 young (9216K), 5 survivors (5120K)
 Metaspace       used 67594K, committed 68160K, reserved 1114112K
  class space    used 9055K, committed 9344K, reserved 1048576K
}
Event: 5.932 GC heap after
{Heap after GC invocations=29 (full 0):
 garbage-first heap   total 190464K, used 91671K [0x0000000080000000, 0x0000000100000000)
  region size 1024K, 1 young (1024K), 1 survivors (1024K)
 Metaspace       used 67594K, committed 68160K, reserved 1114112K
  class space    used 9055K, committed 9344K, reserved 1048576K
}

